#
# A fatal error has been detected by the Java Runtime Environment:
#
#  Internal Error (./open/src/hotspot/share/interpreter/oopMapCache.cpp:111), pid=9904, tid=6780
#  Error: ShouldNotReachHere()
#
# JRE version: OpenJDK Runtime Environment (14.0.2+12) (build 14.0.2+12-46)
# Java VM: OpenJDK 64-Bit Server VM (14.0.2+12-46, mixed mode, tiered, compressed oops, g1 gc, windows-amd64)
# No core dump will be written. Minidumps are not enabled by default on client versions of Windows
#
# If you would like to submit a bug report, please visit:
#   https://bugreport.java.com/bugreport/crash.jsp
#

---------------  S U M M A R Y ------------

Command Line: -XX:+ShowCodeDetailsInExceptionMessages -agentlib:jdwp=transport=dt_socket,suspend=y,address=localhost:61679 -javaagent:C:\Users\Pablo\eclipse\jee-2020-094\eclipse\configuration\org.eclipse.osgi\406\0\.cp\lib\javaagent-shaded.jar -Dfile.encoding=Cp1252 examenes.Examen_TragaPerras

Host: Intel(R) Core(TM) i7-4720HQ CPU @ 2.60GHz, 8 cores, 7G,  Windows 10 , 64 bit Build 18362 (10.0.18362.1110)
Time: Wed Dec  2 09:03:02 2020 Hora estándar romance elapsed time: 387 seconds (0d 0h 6m 27s)

---------------  T H R E A D  ---------------

Current thread (0x000002b5f9f85800):  JavaThread "JDWP Transport Listener: dt_socket" daemon [_thread_in_vm, id=6780, stack(0x000000ce52c00000,0x000000ce52d00000)] _threads_hazard_ptr=0x000002b5fa5996a0

Stack: [0x000000ce52c00000,0x000000ce52d00000]
Native frames: (J=compiled Java code, j=interpreted, Vv=VM code, C=native code)
V  [jvm.dll+0x5f8a9a]
V  [jvm.dll+0x74247a]
V  [jvm.dll+0x743c2f]
V  [jvm.dll+0x744227]
V  [jvm.dll+0x20d20c]
V  [jvm.dll+0x20d173]
V  [jvm.dll+0x5e7b7f]
V  [jvm.dll+0x5e78dd]
V  [jvm.dll+0x5af8e3]
V  [jvm.dll+0x739aef]
V  [jvm.dll+0x4bee61]
V  [jvm.dll+0x74908b]
V  [jvm.dll+0x4a54ee]
V  [jvm.dll+0x46ee7b]
C  [jdwp.dll+0x7bbc]


---------------  P R O C E S S  ---------------

Threads class SMR info:
_java_thread_list=0x000002b5fa5996a0, length=17, elements={
0x000002b5dedd3800, 0x000002b5f9bc1800, 0x000002b5f9bca000, 0x000002b5f9c00800,
0x000002b5f9c03000, 0x000002b5f9c04000, 0x000002b5f9bed000, 0x000002b5f9c10000,
0x000002b5f9c73000, 0x000002b5f9341800, 0x000002b5f9f85800, 0x000002b5f9e80000,
0x000002b5f9e82800, 0x000002b5fa4d5800, 0x000002b5f9e64000, 0x000002b5f9d5f800,
0x000002b5fa8e5000
}

Java Threads: ( => current thread )
  0x000002b5dedd3800 JavaThread "main" [_thread_blocked, id=5744, stack(0x000000ce51b00000,0x000000ce51c00000)]
  0x000002b5f9bc1800 JavaThread "Reference Handler" daemon [_thread_blocked, id=2600, stack(0x000000ce52200000,0x000000ce52300000)]
  0x000002b5f9bca000 JavaThread "Finalizer" daemon [_thread_blocked, id=10168, stack(0x000000ce52300000,0x000000ce52400000)]
  0x000002b5f9c00800 JavaThread "Signal Dispatcher" daemon [_thread_blocked, id=7452, stack(0x000000ce52400000,0x000000ce52500000)]
  0x000002b5f9c03000 JavaThread "Attach Listener" daemon [_thread_blocked, id=3880, stack(0x000000ce52500000,0x000000ce52600000)]
  0x000002b5f9c04000 JavaThread "Service Thread" daemon [_thread_blocked, id=9632, stack(0x000000ce52600000,0x000000ce52700000)]
  0x000002b5f9bed000 JavaThread "C2 CompilerThread0" daemon [_thread_blocked, id=5384, stack(0x000000ce52700000,0x000000ce52800000)]
  0x000002b5f9c10000 JavaThread "C1 CompilerThread0" daemon [_thread_blocked, id=5236, stack(0x000000ce52800000,0x000000ce52900000)]
  0x000002b5f9c73000 JavaThread "Sweeper thread" daemon [_thread_blocked, id=3988, stack(0x000000ce52900000,0x000000ce52a00000)]
  0x000002b5f9341800 JavaThread "Common-Cleaner" daemon [_thread_blocked, id=2508, stack(0x000000ce52a00000,0x000000ce52b00000)]
=>0x000002b5f9f85800 JavaThread "JDWP Transport Listener: dt_socket" daemon [_thread_in_vm, id=6780, stack(0x000000ce52c00000,0x000000ce52d00000)] _threads_hazard_ptr=0x000002b5fa5996a0
  0x000002b5f9e80000 JavaThread "JDWP Event Helper Thread" daemon [_thread_blocked, id=2760, stack(0x000000ce52d00000,0x000000ce52e00000)]
  0x000002b5f9e82800 JavaThread "JDWP Command Reader" daemon [_thread_in_native, id=4532, stack(0x000000ce52e00000,0x000000ce52f00000)]
  0x000002b5fa4d5800 JavaThread "Notification Thread" daemon [_thread_blocked, id=8012, stack(0x000000ce52b00000,0x000000ce52c00000)]
  0x000002b5f9e64000 JavaThread "Java2D Disposer" daemon [_thread_blocked, id=7348, stack(0x000000ce53000000,0x000000ce53100000)]
  0x000002b5f9d5f800 JavaThread "AWT-Windows" daemon [_thread_in_native, id=5836, stack(0x000000ce53200000,0x000000ce53300000)]
  0x000002b5fa8e5000 JavaThread "TimerQueue" daemon [_thread_blocked, id=1532, stack(0x000000ce53800000,0x000000ce53900000)]

Other Threads:
  0x000002b5f939e000 VMThread "VM Thread" [stack: 0x000000ce52100000,0x000000ce52200000] [id=4600]
  0x000002b5fa4b2000 WatcherThread [stack: 0x000000ce52f00000,0x000000ce53000000] [id=4780]
  0x000002b5dee16000 GCTaskThread "GC Thread#0" [stack: 0x000000ce51c00000,0x000000ce51d00000] [id=9680]
  0x000002b5dee29000 ConcurrentGCThread "G1 Main Marker" [stack: 0x000000ce51d00000,0x000000ce51e00000] [id=6716]
  0x000002b5dee2a800 ConcurrentGCThread "G1 Conc#0" [stack: 0x000000ce51e00000,0x000000ce51f00000] [id=7704]
  0x000002b5f91ca800 ConcurrentGCThread "G1 Refine#0" [stack: 0x000000ce51f00000,0x000000ce52000000] [id=7868]
  0x000002b5f91cd800 ConcurrentGCThread "G1 Young RemSet Sampling" [stack: 0x000000ce52000000,0x000000ce52100000] [id=7480]

Threads with active compile tasks:

VM state:not at safepoint (normal execution)

VM Mutex/Monitor currently owned by a thread: None

Heap address: 0x0000000081a00000, size: 2022 MB, Compressed Oops mode: 32-bit
Narrow klass base: 0x0000000000000000, Narrow klass shift: 3
Compressed class space size: 1073741824 Address: 0x0000000100000000

Heap:
 garbage-first heap   total 131072K, used 14336K [0x0000000081a00000, 0x0000000100000000)
  region size 1024K, 16 young (16384K), 0 survivors (0K)
 Metaspace       used 17588K, capacity 17865K, committed 17920K, reserved 1064960K
  class space    used 1875K, capacity 2004K, committed 2048K, reserved 1048576K
Heap Regions: E=young(eden), S=young(survivor), O=old, HS=humongous(starts), HC=humongous(continues), CS=collection set, F=free, OA=open archive, CA=closed archive, TAMS=top-at-mark-start (previous, next)
|   0|0x0000000081a00000, 0x0000000081a00000, 0x0000000081b00000|  0%| F|  |TAMS 0x0000000081a00000, 0x0000000081a00000| Untracked 
|   1|0x0000000081b00000, 0x0000000081b00000, 0x0000000081c00000|  0%| F|  |TAMS 0x0000000081b00000, 0x0000000081b00000| Untracked 
|   2|0x0000000081c00000, 0x0000000081c00000, 0x0000000081d00000|  0%| F|  |TAMS 0x0000000081c00000, 0x0000000081c00000| Untracked 
|   3|0x0000000081d00000, 0x0000000081d00000, 0x0000000081e00000|  0%| F|  |TAMS 0x0000000081d00000, 0x0000000081d00000| Untracked 
|   4|0x0000000081e00000, 0x0000000081e00000, 0x0000000081f00000|  0%| F|  |TAMS 0x0000000081e00000, 0x0000000081e00000| Untracked 
|   5|0x0000000081f00000, 0x0000000081f00000, 0x0000000082000000|  0%| F|  |TAMS 0x0000000081f00000, 0x0000000081f00000| Untracked 
|   6|0x0000000082000000, 0x0000000082000000, 0x0000000082100000|  0%| F|  |TAMS 0x0000000082000000, 0x0000000082000000| Untracked 
|   7|0x0000000082100000, 0x0000000082100000, 0x0000000082200000|  0%| F|  |TAMS 0x0000000082100000, 0x0000000082100000| Untracked 
|   8|0x0000000082200000, 0x0000000082200000, 0x0000000082300000|  0%| F|  |TAMS 0x0000000082200000, 0x0000000082200000| Untracked 
|   9|0x0000000082300000, 0x0000000082300000, 0x0000000082400000|  0%| F|  |TAMS 0x0000000082300000, 0x0000000082300000| Untracked 
|  10|0x0000000082400000, 0x0000000082400000, 0x0000000082500000|  0%| F|  |TAMS 0x0000000082400000, 0x0000000082400000| Untracked 
|  11|0x0000000082500000, 0x0000000082500000, 0x0000000082600000|  0%| F|  |TAMS 0x0000000082500000, 0x0000000082500000| Untracked 
|  12|0x0000000082600000, 0x0000000082600000, 0x0000000082700000|  0%| F|  |TAMS 0x0000000082600000, 0x0000000082600000| Untracked 
|  13|0x0000000082700000, 0x0000000082700000, 0x0000000082800000|  0%| F|  |TAMS 0x0000000082700000, 0x0000000082700000| Untracked 
|  14|0x0000000082800000, 0x0000000082800000, 0x0000000082900000|  0%| F|  |TAMS 0x0000000082800000, 0x0000000082800000| Untracked 
|  15|0x0000000082900000, 0x0000000082900000, 0x0000000082a00000|  0%| F|  |TAMS 0x0000000082900000, 0x0000000082900000| Untracked 
|  16|0x0000000082a00000, 0x0000000082a00000, 0x0000000082b00000|  0%| F|  |TAMS 0x0000000082a00000, 0x0000000082a00000| Untracked 
|  17|0x0000000082b00000, 0x0000000082b00000, 0x0000000082c00000|  0%| F|  |TAMS 0x0000000082b00000, 0x0000000082b00000| Untracked 
|  18|0x0000000082c00000, 0x0000000082c00000, 0x0000000082d00000|  0%| F|  |TAMS 0x0000000082c00000, 0x0000000082c00000| Untracked 
|  19|0x0000000082d00000, 0x0000000082d00000, 0x0000000082e00000|  0%| F|  |TAMS 0x0000000082d00000, 0x0000000082d00000| Untracked 
|  20|0x0000000082e00000, 0x0000000082e00000, 0x0000000082f00000|  0%| F|  |TAMS 0x0000000082e00000, 0x0000000082e00000| Untracked 
|  21|0x0000000082f00000, 0x0000000082f00000, 0x0000000083000000|  0%| F|  |TAMS 0x0000000082f00000, 0x0000000082f00000| Untracked 
|  22|0x0000000083000000, 0x0000000083000000, 0x0000000083100000|  0%| F|  |TAMS 0x0000000083000000, 0x0000000083000000| Untracked 
|  23|0x0000000083100000, 0x0000000083100000, 0x0000000083200000|  0%| F|  |TAMS 0x0000000083100000, 0x0000000083100000| Untracked 
|  24|0x0000000083200000, 0x0000000083200000, 0x0000000083300000|  0%| F|  |TAMS 0x0000000083200000, 0x0000000083200000| Untracked 
|  25|0x0000000083300000, 0x0000000083300000, 0x0000000083400000|  0%| F|  |TAMS 0x0000000083300000, 0x0000000083300000| Untracked 
|  26|0x0000000083400000, 0x0000000083400000, 0x0000000083500000|  0%| F|  |TAMS 0x0000000083400000, 0x0000000083400000| Untracked 
|  27|0x0000000083500000, 0x0000000083500000, 0x0000000083600000|  0%| F|  |TAMS 0x0000000083500000, 0x0000000083500000| Untracked 
|  28|0x0000000083600000, 0x0000000083600000, 0x0000000083700000|  0%| F|  |TAMS 0x0000000083600000, 0x0000000083600000| Untracked 
|  29|0x0000000083700000, 0x0000000083700000, 0x0000000083800000|  0%| F|  |TAMS 0x0000000083700000, 0x0000000083700000| Untracked 
|  30|0x0000000083800000, 0x0000000083800000, 0x0000000083900000|  0%| F|  |TAMS 0x0000000083800000, 0x0000000083800000| Untracked 
|  31|0x0000000083900000, 0x0000000083900000, 0x0000000083a00000|  0%| F|  |TAMS 0x0000000083900000, 0x0000000083900000| Untracked 
|  32|0x0000000083a00000, 0x0000000083a00000, 0x0000000083b00000|  0%| F|  |TAMS 0x0000000083a00000, 0x0000000083a00000| Untracked 
|  33|0x0000000083b00000, 0x0000000083b00000, 0x0000000083c00000|  0%| F|  |TAMS 0x0000000083b00000, 0x0000000083b00000| Untracked 
|  34|0x0000000083c00000, 0x0000000083c00000, 0x0000000083d00000|  0%| F|  |TAMS 0x0000000083c00000, 0x0000000083c00000| Untracked 
|  35|0x0000000083d00000, 0x0000000083d00000, 0x0000000083e00000|  0%| F|  |TAMS 0x0000000083d00000, 0x0000000083d00000| Untracked 
|  36|0x0000000083e00000, 0x0000000083e00000, 0x0000000083f00000|  0%| F|  |TAMS 0x0000000083e00000, 0x0000000083e00000| Untracked 
|  37|0x0000000083f00000, 0x0000000083f00000, 0x0000000084000000|  0%| F|  |TAMS 0x0000000083f00000, 0x0000000083f00000| Untracked 
|  38|0x0000000084000000, 0x0000000084000000, 0x0000000084100000|  0%| F|  |TAMS 0x0000000084000000, 0x0000000084000000| Untracked 
|  39|0x0000000084100000, 0x0000000084100000, 0x0000000084200000|  0%| F|  |TAMS 0x0000000084100000, 0x0000000084100000| Untracked 
|  40|0x0000000084200000, 0x0000000084200000, 0x0000000084300000|  0%| F|  |TAMS 0x0000000084200000, 0x0000000084200000| Untracked 
|  41|0x0000000084300000, 0x0000000084300000, 0x0000000084400000|  0%| F|  |TAMS 0x0000000084300000, 0x0000000084300000| Untracked 
|  42|0x0000000084400000, 0x0000000084400000, 0x0000000084500000|  0%| F|  |TAMS 0x0000000084400000, 0x0000000084400000| Untracked 
|  43|0x0000000084500000, 0x0000000084500000, 0x0000000084600000|  0%| F|  |TAMS 0x0000000084500000, 0x0000000084500000| Untracked 
|  44|0x0000000084600000, 0x0000000084600000, 0x0000000084700000|  0%| F|  |TAMS 0x0000000084600000, 0x0000000084600000| Untracked 
|  45|0x0000000084700000, 0x0000000084700000, 0x0000000084800000|  0%| F|  |TAMS 0x0000000084700000, 0x0000000084700000| Untracked 
|  46|0x0000000084800000, 0x0000000084800000, 0x0000000084900000|  0%| F|  |TAMS 0x0000000084800000, 0x0000000084800000| Untracked 
|  47|0x0000000084900000, 0x0000000084900000, 0x0000000084a00000|  0%| F|  |TAMS 0x0000000084900000, 0x0000000084900000| Untracked 
|  48|0x0000000084a00000, 0x0000000084a00000, 0x0000000084b00000|  0%| F|  |TAMS 0x0000000084a00000, 0x0000000084a00000| Untracked 
|  49|0x0000000084b00000, 0x0000000084b00000, 0x0000000084c00000|  0%| F|  |TAMS 0x0000000084b00000, 0x0000000084b00000| Untracked 
|  50|0x0000000084c00000, 0x0000000084c00000, 0x0000000084d00000|  0%| F|  |TAMS 0x0000000084c00000, 0x0000000084c00000| Untracked 
|  51|0x0000000084d00000, 0x0000000084d00000, 0x0000000084e00000|  0%| F|  |TAMS 0x0000000084d00000, 0x0000000084d00000| Untracked 
|  52|0x0000000084e00000, 0x0000000084e00000, 0x0000000084f00000|  0%| F|  |TAMS 0x0000000084e00000, 0x0000000084e00000| Untracked 
|  53|0x0000000084f00000, 0x0000000084f00000, 0x0000000085000000|  0%| F|  |TAMS 0x0000000084f00000, 0x0000000084f00000| Untracked 
|  54|0x0000000085000000, 0x0000000085000000, 0x0000000085100000|  0%| F|  |TAMS 0x0000000085000000, 0x0000000085000000| Untracked 
|  55|0x0000000085100000, 0x0000000085100000, 0x0000000085200000|  0%| F|  |TAMS 0x0000000085100000, 0x0000000085100000| Untracked 
|  56|0x0000000085200000, 0x0000000085200000, 0x0000000085300000|  0%| F|  |TAMS 0x0000000085200000, 0x0000000085200000| Untracked 
|  57|0x0000000085300000, 0x0000000085300000, 0x0000000085400000|  0%| F|  |TAMS 0x0000000085300000, 0x0000000085300000| Untracked 
|  58|0x0000000085400000, 0x0000000085400000, 0x0000000085500000|  0%| F|  |TAMS 0x0000000085400000, 0x0000000085400000| Untracked 
|  59|0x0000000085500000, 0x0000000085500000, 0x0000000085600000|  0%| F|  |TAMS 0x0000000085500000, 0x0000000085500000| Untracked 
|  60|0x0000000085600000, 0x0000000085600000, 0x0000000085700000|  0%| F|  |TAMS 0x0000000085600000, 0x0000000085600000| Untracked 
|  61|0x0000000085700000, 0x0000000085700000, 0x0000000085800000|  0%| F|  |TAMS 0x0000000085700000, 0x0000000085700000| Untracked 
|  62|0x0000000085800000, 0x0000000085800000, 0x0000000085900000|  0%| F|  |TAMS 0x0000000085800000, 0x0000000085800000| Untracked 
|  63|0x0000000085900000, 0x0000000085900000, 0x0000000085a00000|  0%| F|  |TAMS 0x0000000085900000, 0x0000000085900000| Untracked 
|  64|0x0000000085a00000, 0x0000000085a00000, 0x0000000085b00000|  0%| F|  |TAMS 0x0000000085a00000, 0x0000000085a00000| Untracked 
|  65|0x0000000085b00000, 0x0000000085b00000, 0x0000000085c00000|  0%| F|  |TAMS 0x0000000085b00000, 0x0000000085b00000| Untracked 
|  66|0x0000000085c00000, 0x0000000085c00000, 0x0000000085d00000|  0%| F|  |TAMS 0x0000000085c00000, 0x0000000085c00000| Untracked 
|  67|0x0000000085d00000, 0x0000000085d00000, 0x0000000085e00000|  0%| F|  |TAMS 0x0000000085d00000, 0x0000000085d00000| Untracked 
|  68|0x0000000085e00000, 0x0000000085e00000, 0x0000000085f00000|  0%| F|  |TAMS 0x0000000085e00000, 0x0000000085e00000| Untracked 
|  69|0x0000000085f00000, 0x0000000085f00000, 0x0000000086000000|  0%| F|  |TAMS 0x0000000085f00000, 0x0000000085f00000| Untracked 
|  70|0x0000000086000000, 0x0000000086000000, 0x0000000086100000|  0%| F|  |TAMS 0x0000000086000000, 0x0000000086000000| Untracked 
|  71|0x0000000086100000, 0x0000000086100000, 0x0000000086200000|  0%| F|  |TAMS 0x0000000086100000, 0x0000000086100000| Untracked 
|  72|0x0000000086200000, 0x0000000086200000, 0x0000000086300000|  0%| F|  |TAMS 0x0000000086200000, 0x0000000086200000| Untracked 
|  73|0x0000000086300000, 0x0000000086300000, 0x0000000086400000|  0%| F|  |TAMS 0x0000000086300000, 0x0000000086300000| Untracked 
|  74|0x0000000086400000, 0x0000000086400000, 0x0000000086500000|  0%| F|  |TAMS 0x0000000086400000, 0x0000000086400000| Untracked 
|  75|0x0000000086500000, 0x0000000086500000, 0x0000000086600000|  0%| F|  |TAMS 0x0000000086500000, 0x0000000086500000| Untracked 
|  76|0x0000000086600000, 0x0000000086600000, 0x0000000086700000|  0%| F|  |TAMS 0x0000000086600000, 0x0000000086600000| Untracked 
|  77|0x0000000086700000, 0x0000000086700000, 0x0000000086800000|  0%| F|  |TAMS 0x0000000086700000, 0x0000000086700000| Untracked 
|  78|0x0000000086800000, 0x0000000086800000, 0x0000000086900000|  0%| F|  |TAMS 0x0000000086800000, 0x0000000086800000| Untracked 
|  79|0x0000000086900000, 0x0000000086900000, 0x0000000086a00000|  0%| F|  |TAMS 0x0000000086900000, 0x0000000086900000| Untracked 
|  80|0x0000000086a00000, 0x0000000086a00000, 0x0000000086b00000|  0%| F|  |TAMS 0x0000000086a00000, 0x0000000086a00000| Untracked 
|  81|0x0000000086b00000, 0x0000000086b00000, 0x0000000086c00000|  0%| F|  |TAMS 0x0000000086b00000, 0x0000000086b00000| Untracked 
|  82|0x0000000086c00000, 0x0000000086c00000, 0x0000000086d00000|  0%| F|  |TAMS 0x0000000086c00000, 0x0000000086c00000| Untracked 
|  83|0x0000000086d00000, 0x0000000086d00000, 0x0000000086e00000|  0%| F|  |TAMS 0x0000000086d00000, 0x0000000086d00000| Untracked 
|  84|0x0000000086e00000, 0x0000000086e00000, 0x0000000086f00000|  0%| F|  |TAMS 0x0000000086e00000, 0x0000000086e00000| Untracked 
|  85|0x0000000086f00000, 0x0000000086f00000, 0x0000000087000000|  0%| F|  |TAMS 0x0000000086f00000, 0x0000000086f00000| Untracked 
|  86|0x0000000087000000, 0x0000000087000000, 0x0000000087100000|  0%| F|  |TAMS 0x0000000087000000, 0x0000000087000000| Untracked 
|  87|0x0000000087100000, 0x0000000087100000, 0x0000000087200000|  0%| F|  |TAMS 0x0000000087100000, 0x0000000087100000| Untracked 
|  88|0x0000000087200000, 0x0000000087200000, 0x0000000087300000|  0%| F|  |TAMS 0x0000000087200000, 0x0000000087200000| Untracked 
|  89|0x0000000087300000, 0x0000000087300000, 0x0000000087400000|  0%| F|  |TAMS 0x0000000087300000, 0x0000000087300000| Untracked 
|  90|0x0000000087400000, 0x0000000087400000, 0x0000000087500000|  0%| F|  |TAMS 0x0000000087400000, 0x0000000087400000| Untracked 
|  91|0x0000000087500000, 0x0000000087500000, 0x0000000087600000|  0%| F|  |TAMS 0x0000000087500000, 0x0000000087500000| Untracked 
|  92|0x0000000087600000, 0x0000000087600000, 0x0000000087700000|  0%| F|  |TAMS 0x0000000087600000, 0x0000000087600000| Untracked 
|  93|0x0000000087700000, 0x0000000087700000, 0x0000000087800000|  0%| F|  |TAMS 0x0000000087700000, 0x0000000087700000| Untracked 
|  94|0x0000000087800000, 0x0000000087800000, 0x0000000087900000|  0%| F|  |TAMS 0x0000000087800000, 0x0000000087800000| Untracked 
|  95|0x0000000087900000, 0x0000000087900000, 0x0000000087a00000|  0%| F|  |TAMS 0x0000000087900000, 0x0000000087900000| Untracked 
|  96|0x0000000087a00000, 0x0000000087a00000, 0x0000000087b00000|  0%| F|  |TAMS 0x0000000087a00000, 0x0000000087a00000| Untracked 
|  97|0x0000000087b00000, 0x0000000087b00000, 0x0000000087c00000|  0%| F|  |TAMS 0x0000000087b00000, 0x0000000087b00000| Untracked 
|  98|0x0000000087c00000, 0x0000000087c00000, 0x0000000087d00000|  0%| F|  |TAMS 0x0000000087c00000, 0x0000000087c00000| Untracked 
|  99|0x0000000087d00000, 0x0000000087d00000, 0x0000000087e00000|  0%| F|  |TAMS 0x0000000087d00000, 0x0000000087d00000| Untracked 
| 100|0x0000000087e00000, 0x0000000087e00000, 0x0000000087f00000|  0%| F|  |TAMS 0x0000000087e00000, 0x0000000087e00000| Untracked 
| 101|0x0000000087f00000, 0x0000000087f00000, 0x0000000088000000|  0%| F|  |TAMS 0x0000000087f00000, 0x0000000087f00000| Untracked 
| 102|0x0000000088000000, 0x0000000088000000, 0x0000000088100000|  0%| F|  |TAMS 0x0000000088000000, 0x0000000088000000| Untracked 
| 103|0x0000000088100000, 0x0000000088100000, 0x0000000088200000|  0%| F|  |TAMS 0x0000000088100000, 0x0000000088100000| Untracked 
| 104|0x0000000088200000, 0x0000000088200000, 0x0000000088300000|  0%| F|  |TAMS 0x0000000088200000, 0x0000000088200000| Untracked 
| 105|0x0000000088300000, 0x0000000088300000, 0x0000000088400000|  0%| F|  |TAMS 0x0000000088300000, 0x0000000088300000| Untracked 
| 106|0x0000000088400000, 0x0000000088400000, 0x0000000088500000|  0%| F|  |TAMS 0x0000000088400000, 0x0000000088400000| Untracked 
| 107|0x0000000088500000, 0x0000000088500000, 0x0000000088600000|  0%| F|  |TAMS 0x0000000088500000, 0x0000000088500000| Untracked 
| 108|0x0000000088600000, 0x0000000088600000, 0x0000000088700000|  0%| F|  |TAMS 0x0000000088600000, 0x0000000088600000| Untracked 
| 109|0x0000000088700000, 0x0000000088700000, 0x0000000088800000|  0%| F|  |TAMS 0x0000000088700000, 0x0000000088700000| Untracked 
| 110|0x0000000088800000, 0x0000000088800000, 0x0000000088900000|  0%| F|  |TAMS 0x0000000088800000, 0x0000000088800000| Untracked 
| 111|0x0000000088900000, 0x0000000088900000, 0x0000000088a00000|  0%| F|  |TAMS 0x0000000088900000, 0x0000000088900000| Untracked 
| 112|0x0000000088a00000, 0x0000000088a00800, 0x0000000088b00000|  0%| E|  |TAMS 0x0000000088a00000, 0x0000000088a00000| Complete 
| 113|0x0000000088b00000, 0x0000000088c00000, 0x0000000088c00000|100%| E|CS|TAMS 0x0000000088b00000, 0x0000000088b00000| Complete 
| 114|0x0000000088c00000, 0x0000000088d00000, 0x0000000088d00000|100%| E|  |TAMS 0x0000000088c00000, 0x0000000088c00000| Complete 
| 115|0x0000000088d00000, 0x0000000088e00000, 0x0000000088e00000|100%| E|CS|TAMS 0x0000000088d00000, 0x0000000088d00000| Complete 
| 116|0x0000000088e00000, 0x0000000088f00000, 0x0000000088f00000|100%| E|CS|TAMS 0x0000000088e00000, 0x0000000088e00000| Complete 
| 117|0x0000000088f00000, 0x0000000089000000, 0x0000000089000000|100%| E|CS|TAMS 0x0000000088f00000, 0x0000000088f00000| Complete 
| 118|0x0000000089000000, 0x0000000089100000, 0x0000000089100000|100%| E|CS|TAMS 0x0000000089000000, 0x0000000089000000| Complete 
| 119|0x0000000089100000, 0x0000000089200000, 0x0000000089200000|100%| E|CS|TAMS 0x0000000089100000, 0x0000000089100000| Complete 
| 120|0x0000000089200000, 0x0000000089300000, 0x0000000089300000|100%| E|CS|TAMS 0x0000000089200000, 0x0000000089200000| Complete 
| 121|0x0000000089300000, 0x0000000089400000, 0x0000000089400000|100%| E|CS|TAMS 0x0000000089300000, 0x0000000089300000| Complete 
| 122|0x0000000089400000, 0x0000000089500000, 0x0000000089500000|100%| E|CS|TAMS 0x0000000089400000, 0x0000000089400000| Complete 
| 123|0x0000000089500000, 0x0000000089600000, 0x0000000089600000|100%| E|CS|TAMS 0x0000000089500000, 0x0000000089500000| Complete 
| 124|0x0000000089600000, 0x0000000089700000, 0x0000000089700000|100%| E|CS|TAMS 0x0000000089600000, 0x0000000089600000| Complete 
| 125|0x0000000089700000, 0x0000000089800000, 0x0000000089800000|100%| E|CS|TAMS 0x0000000089700000, 0x0000000089700000| Complete 
| 126|0x0000000089800000, 0x0000000089900000, 0x0000000089900000|100%| E|CS|TAMS 0x0000000089800000, 0x0000000089800000| Complete 
| 127|0x0000000089900000, 0x0000000089a00000, 0x0000000089a00000|100%| E|CS|TAMS 0x0000000089900000, 0x0000000089900000| Complete 

Card table byte_map: [0x000002b5f21e0000,0x000002b5f25e0000] _byte_map_base: 0x000002b5f1dd3000

Marking Bits (Prev, Next): (CMBitMap*) 0x000002b5dee16ed8, (CMBitMap*) 0x000002b5dee16f18
 Prev Bits: [0x000002b5f29e0000, 0x000002b5f4978000)
 Next Bits: [0x000002b5f4980000, 0x000002b5f6918000)

Polling page: 0x000002b5de5a0000

Metaspace:

Usage:
  Non-class:     15.49 MB capacity,    15.34 MB (>99%) used,   118.51 KB ( <1%) free+waste,    29.44 KB ( <1%) overhead. 
      Class:      1.96 MB capacity,     1.83 MB ( 94%) used,   113.18 KB (  6%) free+waste,    15.56 KB ( <1%) overhead. 
       Both:     17.45 MB capacity,    17.18 MB ( 98%) used,   231.69 KB (  1%) free+waste,    45.00 KB ( <1%) overhead. 

Virtual space:
  Non-class space:       16.00 MB reserved,      15.50 MB ( 97%) committed 
      Class space:        1.00 GB reserved,       2.00 MB ( <1%) committed 
             Both:        1.02 GB reserved,      17.50 MB (  2%) committed 

Chunk freelists:
   Non-Class:  11.00 KB
       Class:  12.00 KB
        Both:  23.00 KB

MaxMetaspaceSize: 17179869184.00 GB
CompressedClassSpaceSize: 1.00 GB

CodeHeap 'non-profiled nmethods': size=120000Kb used=242Kb max_used=242Kb free=119757Kb
 bounds [0x000002b5ea560000, 0x000002b5ea7d0000, 0x000002b5f1a90000]
CodeHeap 'profiled nmethods': size=120000Kb used=821Kb max_used=821Kb free=119178Kb
 bounds [0x000002b5e3030000, 0x000002b5e32a0000, 0x000002b5ea560000]
CodeHeap 'non-nmethods': size=5760Kb used=1385Kb max_used=1400Kb free=4374Kb
 bounds [0x000002b5e2a90000, 0x000002b5e2d00000, 0x000002b5e3030000]
 total_blobs=1250 nmethods=653 adapters=510
 compilation: enabled
              stopped_count=0, restarted_count=0
 full_count=0

Compilation events (20 events):
Event: 383.736 Thread 0x000002b5f9c10000  690       3       java.awt.KeyboardFocusManager::getCurrentKeyboardFocusManager (7 bytes)
Event: 383.736 Thread 0x000002b5f9c10000 nmethod 690 0x000002b5e30f9e10 code [0x000002b5e30fa000, 0x000002b5e30fa578]
Event: 383.737 Thread 0x000002b5f9c10000  691       3       java.awt.Component::getInputContext (16 bytes)
Event: 383.737 Thread 0x000002b5f9c10000 nmethod 691 0x000002b5e30fa790 code [0x000002b5e30fa940, 0x000002b5e30fab68]
Event: 383.739 Thread 0x000002b5f9bed000  692       4       java.lang.String::equals (50 bytes)
Event: 383.740 Thread 0x000002b5f9bed000 nmethod 692 0x000002b5ea59bf90 code [0x000002b5ea59c120, 0x000002b5ea59c2d8]
Event: 383.741 Thread 0x000002b5f9c10000  693   !   3       java.awt.Component::firePropertyChange (59 bytes)
Event: 383.742 Thread 0x000002b5f9c10000 nmethod 693 0x000002b5e30fac10 code [0x000002b5e30fae60, 0x000002b5e30fbb38]
Event: 383.743 Thread 0x000002b5f9c10000  697       3       java.awt.Component::checkTreeLock (21 bytes)
Event: 383.743 Thread 0x000002b5f9c10000 nmethod 697 0x000002b5e30fbf10 code [0x000002b5e30fc0e0, 0x000002b5e30fc378]
Event: 383.743 Thread 0x000002b5f9c10000  696       1       java.awt.Component::getObjectLock (5 bytes)
Event: 383.743 Thread 0x000002b5f9c10000 nmethod 696 0x000002b5ea59c790 code [0x000002b5ea59c920, 0x000002b5ea59c9d8]
Event: 383.743 Thread 0x000002b5f9c10000  699  s    3       java.beans.ChangeListenerMap::get (25 bytes)
Event: 383.743 Thread 0x000002b5f9c10000 nmethod 699 0x000002b5e30fc490 code [0x000002b5e30fc640, 0x000002b5e30fcac8]
Event: 383.743 Thread 0x000002b5f9c10000  694       3       java.awt.Component::updateGraphicsData (34 bytes)
Event: 383.743 Thread 0x000002b5f9c10000 nmethod 694 0x000002b5e30fcc10 code [0x000002b5e30fcde0, 0x000002b5e30fd108]
Event: 383.743 Thread 0x000002b5f9c10000  695       3       java.awt.Component::updateSelfGraphicsData (38 bytes)
Event: 383.744 Thread 0x000002b5f9c10000 nmethod 695 0x000002b5e30fd210 code [0x000002b5e30fd400, 0x000002b5e30fd8e8]
Event: 385.041 Thread 0x000002b5f9c10000  700       3       java.util.IdentityHashMap$IdentityHashMapIterator::hasNext (50 bytes)
Event: 385.041 Thread 0x000002b5f9c10000 nmethod 700 0x000002b5e30fda90 code [0x000002b5e30fdc40, 0x000002b5e30fde78]

GC Heap History (0 events):
No events

Deoptimization events (20 events):
Event: 1.091 Thread 0x000002b5dedd3800 DEOPT PACKING pc=0x000002b5e30a5361 sp=0x000000ce51bf7830
Event: 1.091 Thread 0x000002b5dedd3800 DEOPT UNPACKING pc=0x000002b5e2ad964e sp=0x000000ce51bf6cf8 mode 0
Event: 1.092 Thread 0x000002b5dedd3800 DEOPT PACKING pc=0x000002b5e30a5361 sp=0x000000ce51bf7830
Event: 1.092 Thread 0x000002b5dedd3800 DEOPT UNPACKING pc=0x000002b5e2ad964e sp=0x000000ce51bf6cf8 mode 0
Event: 383.477 Thread 0x000002b5fa69e000 Uncommon trap: trap_request=0xffffffde fr.pc=0x000002b5ea56a0d0 relative=0x00000000000001b0
Event: 383.477 Thread 0x000002b5fa69e000 Uncommon trap: reason=class_check action=maybe_recompile pc=0x000002b5ea56a0d0 method=java.lang.String.equals(Ljava/lang/Object;)Z @ 8 c2
Event: 383.477 Thread 0x000002b5fa69e000 DEOPT PACKING pc=0x000002b5ea56a0d0 sp=0x000000ce534fdaa0
Event: 383.477 Thread 0x000002b5fa69e000 DEOPT UNPACKING pc=0x000002b5e2ad912f sp=0x000000ce534fda48 mode 2
Event: 383.477 Thread 0x000002b5fa69e000 Uncommon trap: trap_request=0xffffffde fr.pc=0x000002b5ea56a0d0 relative=0x00000000000001b0
Event: 383.477 Thread 0x000002b5fa69e000 Uncommon trap: reason=class_check action=maybe_recompile pc=0x000002b5ea56a0d0 method=java.lang.String.equals(Ljava/lang/Object;)Z @ 8 c2
Event: 383.477 Thread 0x000002b5fa69e000 DEOPT PACKING pc=0x000002b5ea56a0d0 sp=0x000000ce534fdaa0
Event: 383.477 Thread 0x000002b5fa69e000 DEOPT UNPACKING pc=0x000002b5e2ad912f sp=0x000000ce534fda48 mode 2
Event: 383.729 Thread 0x000002b5fa69e000 Uncommon trap: trap_request=0xffffffde fr.pc=0x000002b5ea56a0d0 relative=0x00000000000001b0
Event: 383.729 Thread 0x000002b5fa69e000 Uncommon trap: reason=class_check action=maybe_recompile pc=0x000002b5ea56a0d0 method=java.lang.String.equals(Ljava/lang/Object;)Z @ 8 c2
Event: 383.729 Thread 0x000002b5fa69e000 DEOPT PACKING pc=0x000002b5ea56a0d0 sp=0x000000ce534fd6c0
Event: 383.729 Thread 0x000002b5fa69e000 DEOPT UNPACKING pc=0x000002b5e2ad912f sp=0x000000ce534fd668 mode 2
Event: 383.729 Thread 0x000002b5fa69e000 Uncommon trap: trap_request=0xffffffde fr.pc=0x000002b5ea56a0d0 relative=0x00000000000001b0
Event: 383.729 Thread 0x000002b5fa69e000 Uncommon trap: reason=class_check action=maybe_recompile pc=0x000002b5ea56a0d0 method=java.lang.String.equals(Ljava/lang/Object;)Z @ 8 c2
Event: 383.729 Thread 0x000002b5fa69e000 DEOPT PACKING pc=0x000002b5ea56a0d0 sp=0x000000ce534fd650
Event: 383.729 Thread 0x000002b5fa69e000 DEOPT UNPACKING pc=0x000002b5e2ad912f sp=0x000000ce534fd5f8 mode 2

Classes unloaded (0 events):
No events

Classes redefined (3 events):
Event: 24.829 Thread 0x000002b5f939e000 redefined class name=examenes.Examen_TragaPerras, count=1
Event: 146.765 Thread 0x000002b5f939e000 redefined class name=examenes.Examen_TragaPerras, count=2
Event: 322.585 Thread 0x000002b5f939e000 redefined class name=examenes.Examen_TragaPerras, count=3

Internal exceptions (13 events):
Event: 7.859 Thread 0x000002b5dedd3800 Exception <a 'java/lang/ClassNotFoundException'{0x000000008945c1b0}: sun/awt/resources/spi/awtProvider> (0x000000008945c1b0) 
thrown [./open/src/hotspot/share/classfile/systemDictionary.cpp, line 226]
Event: 8.129 Thread 0x000002b5dedd3800 Exception <a 'java/io/FileNotFoundException'{0x00000000894bc1b8}> (0x00000000894bc1b8) 
thrown [./open/src/hotspot/share/prims/jni.cpp, line 599]
Event: 8.303 Thread 0x000002b5dedd3800 Exception <a 'java/io/FileNotFoundException'{0x00000000894e4688}> (0x00000000894e4688) 
thrown [./open/src/hotspot/share/prims/jni.cpp, line 599]
Event: 379.449 Thread 0x000002b5f9d5f800 Exception <a 'java/lang/NoSuchMethodError'{0x0000000089203a90}: 'void java.lang.invoke.DirectMethodHandle$Holder.invokeSpecial(java.lang.Object, java.lang.Object)'> (0x0000000089203a90) 
thrown [./open/src/hotspot/share/interpreter/linkResolver.cpp, line 766]
Event: 379.624 Thread 0x000002b5dedd3800 Exception <a 'java/lang/NoSuchMethodError'{0x0000000089123bb0}: 'java.lang.Object java.lang.invoke.DirectMethodHandle$Holder.invokeStatic(java.lang.Object, int, java.lang.Object, java.lang.Object, java.lang.Object, java.lang.Object)'> (0x0000000089123bb0) 
thrown [./open/src/hotspot/share/interpreter/linkResolver.cpp, line 766]
Event: 379.639 Thread 0x000002b5dedd3800 Exception <a 'java/lang/NoSuchMethodError'{0x000000008912a4d0}: 'java.lang.Object java.lang.invoke.DirectMethodHandle$Holder.invokeStatic(java.lang.Object, int, java.lang.Object, java.lang.Object, java.lang.Object)'> (0x000000008912a4d0) 
thrown [./open/src/hotspot/share/interpreter/linkResolver.cpp, line 766]
Event: 379.647 Thread 0x000002b5dedd3800 Exception <a 'java/lang/NoSuchMethodError'{0x000000008912dd20}: 'java.lang.Object java.lang.invoke.DirectMethodHandle$Holder.invokeSpecial(java.lang.Object, java.lang.Object, int, java.lang.Object, java.lang.Object, java.lang.Object)'> (0x000000008912dd20) 
thrown [./open/src/hotspot/share/interpreter/linkResolver.cpp, line 766]
Event: 379.699 Thread 0x000002b5dedd3800 Exception <a 'java/lang/NoSuchMethodError'{0x00000000891446f8}: 'java.lang.Object java.lang.invoke.DirectMethodHandle$Holder.invokeStatic(java.lang.Object, int, java.lang.Object)'> (0x00000000891446f8) 
thrown [./open/src/hotspot/share/interpreter/linkResolver.cpp, line 766]
Event: 380.054 Thread 0x000002b5dedd3800 Exception <a 'java/lang/ClassNotFoundException'{0x000000008901a2a8}: com/sun/swing/internal/plaf/metal/resources/spi/metalProvider> (0x000000008901a2a8) 
thrown [./open/src/hotspot/share/classfile/systemDictionary.cpp, line 226]
Event: 380.068 Thread 0x000002b5dedd3800 Exception <a 'java/lang/ClassNotFoundException'{0x0000000089020cf8}: com/sun/swing/internal/plaf/basic/resources/spi/basicProvider> (0x0000000089020cf8) 
thrown [./open/src/hotspot/share/classfile/systemDictionary.cpp, line 226]
Event: 381.022 Thread 0x000002b5dedd3800 Exception <a 'java/lang/NoSuchMethodError'{0x0000000088c25900}: 'void java.lang.invoke.DirectMethodHandle$Holder.invokeStaticInit(java.lang.Object)'> (0x0000000088c25900) 
thrown [./open/src/hotspot/share/interpreter/linkResolver.cpp, line 766]
Event: 381.113 Thread 0x000002b5dedd3800 Exception <a 'java/lang/NoSuchMethodError'{0x0000000088c51c00}: 'java.lang.Object java.lang.invoke.Invokers$Holder.linkToTargetMethod(java.lang.Object, int, java.lang.Object)'> (0x0000000088c51c00) 
thrown [./open/src/hotspot/share/interpreter/linkResolver.cpp, line 766]
Event: 387.647 Thread 0x000002b5f9f85800 Exception <a 'java/lang/LinkageError'{0x0000000089881248}> (0x0000000089881248) 
thrown [./open/src/hotspot/share/oops/generateOopMap.cpp, line 2140]

Events (20 events):
Event: 387.302 Executing VM operation: GetFrameCount
Event: 387.302 Executing VM operation: GetFrameCount done
Event: 387.302 Executing VM operation: GetOwnedMonitorInfo
Event: 387.302 Executing VM operation: GetOwnedMonitorInfo done
Event: 387.302 Executing VM operation: GetCurrentContendedMonitor
Event: 387.302 Executing VM operation: GetCurrentContendedMonitor done
Event: 387.302 Executing VM operation: GetOwnedMonitorInfo
Event: 387.302 Executing VM operation: GetOwnedMonitorInfo done
Event: 387.303 Executing VM operation: GetCurrentContendedMonitor
Event: 387.303 Executing VM operation: GetCurrentContendedMonitor done
Event: 387.303 Executing VM operation: GetCurrentContendedMonitor
Event: 387.304 Executing VM operation: GetCurrentContendedMonitor done
Event: 387.304 Executing VM operation: GetOwnedMonitorInfo
Event: 387.304 Executing VM operation: GetOwnedMonitorInfo done
Event: 387.403 Executing VM operation: GetFrameCount
Event: 387.403 Executing VM operation: GetFrameCount done
Event: 387.403 Executing VM operation: GetOwnedMonitorInfo
Event: 387.403 Executing VM operation: GetOwnedMonitorInfo done
Event: 387.404 Executing VM operation: GetCurrentContendedMonitor
Event: 387.404 Executing VM operation: GetCurrentContendedMonitor done


Dynamic libraries:
0x00007ff62eea0000 - 0x00007ff62eead000 	C:\Users\Pablo\.p2\pool\plugins\org.eclipse.justj.openjdk.hotspot.jre.full.win32.x86_64_14.0.2.v20200815-0932\jre\bin\javaw.exe
0x00007ffbf3280000 - 0x00007ffbf3470000 	C:\Windows\SYSTEM32\ntdll.dll
0x00007ffbdc220000 - 0x00007ffbdc232000 	C:\Program Files\Avast Software\Avast\aswhook.dll
0x00007ffbf2aa0000 - 0x00007ffbf2b52000 	C:\Windows\System32\KERNEL32.DLL
0x00007ffbf0f30000 - 0x00007ffbf11d5000 	C:\Windows\System32\KERNELBASE.dll
0x00007ffbf0a50000 - 0x00007ffbf0b4a000 	C:\Windows\System32\ucrtbase.dll
0x00007ffbe0470000 - 0x00007ffbe0488000 	C:\Users\Pablo\.p2\pool\plugins\org.eclipse.justj.openjdk.hotspot.jre.full.win32.x86_64_14.0.2.v20200815-0932\jre\bin\jli.dll
0x00007ffbf2430000 - 0x00007ffbf25c4000 	C:\Windows\System32\USER32.dll
0x00007ffbf0ed0000 - 0x00007ffbf0ef1000 	C:\Windows\System32\win32u.dll
0x00007ffbf23a0000 - 0x00007ffbf23c6000 	C:\Windows\System32\GDI32.dll
0x00007ffbf0d30000 - 0x00007ffbf0ec6000 	C:\Windows\System32\gdi32full.dll
0x00007ffbf09b0000 - 0x00007ffbf0a4e000 	C:\Windows\System32\msvcp_win.dll
0x00007ffbe0450000 - 0x00007ffbe0465000 	C:\Users\Pablo\.p2\pool\plugins\org.eclipse.justj.openjdk.hotspot.jre.full.win32.x86_64_14.0.2.v20200815-0932\jre\bin\VCRUNTIME140.dll
0x00007ffbdfc90000 - 0x00007ffbdff14000 	C:\Windows\WinSxS\amd64_microsoft.windows.common-controls_6595b64144ccf1df_6.0.18362.1198_none_9e820b57e45ad92f\COMCTL32.dll
0x00007ffbf13f0000 - 0x00007ffbf148e000 	C:\Windows\System32\msvcrt.dll
0x00007ffbf1490000 - 0x00007ffbf17c5000 	C:\Windows\System32\combase.dll
0x00007ffbf2fe0000 - 0x00007ffbf3100000 	C:\Windows\System32\RPCRT4.dll
0x00007ffbf0b50000 - 0x00007ffbf0bd0000 	C:\Windows\System32\bcryptPrimitives.dll
0x00007ffbf2a60000 - 0x00007ffbf2a8e000 	C:\Windows\System32\IMM32.DLL
0x00007ffbbd370000 - 0x00007ffbbd40b000 	C:\Users\Pablo\.p2\pool\plugins\org.eclipse.justj.openjdk.hotspot.jre.full.win32.x86_64_14.0.2.v20200815-0932\jre\bin\msvcp140.dll
0x00007ffbc3a90000 - 0x00007ffbc45ae000 	C:\Users\Pablo\.p2\pool\plugins\org.eclipse.justj.openjdk.hotspot.jre.full.win32.x86_64_14.0.2.v20200815-0932\jre\bin\server\jvm.dll
0x00007ffbf17d0000 - 0x00007ffbf1873000 	C:\Windows\System32\ADVAPI32.dll
0x00007ffbf29c0000 - 0x00007ffbf2a57000 	C:\Windows\System32\sechost.dll
0x00007ffbf2b60000 - 0x00007ffbf2b68000 	C:\Windows\System32\PSAPI.DLL
0x00007ffbde870000 - 0x00007ffbde879000 	C:\Windows\SYSTEM32\WSOCK32.dll
0x00007ffbf2680000 - 0x00007ffbf26ef000 	C:\Windows\System32\WS2_32.dll
0x00007ffbec4b0000 - 0x00007ffbec4d4000 	C:\Windows\SYSTEM32\WINMM.dll
0x00007ffbe8e10000 - 0x00007ffbe8e1a000 	C:\Windows\SYSTEM32\VERSION.dll
0x00007ffbec480000 - 0x00007ffbec4ad000 	C:\Windows\SYSTEM32\WINMMBASE.dll
0x00007ffbf0c80000 - 0x00007ffbf0cca000 	C:\Windows\System32\cfgmgr32.dll
0x00007ffbf0140000 - 0x00007ffbf0151000 	C:\Windows\System32\kernel.appcore.dll
0x00007ffbec5e0000 - 0x00007ffbec5ea000 	C:\Users\Pablo\.p2\pool\plugins\org.eclipse.justj.openjdk.hotspot.jre.full.win32.x86_64_14.0.2.v20200815-0932\jre\bin\jimage.dll
0x00007ffbe4fe0000 - 0x00007ffbe51d4000 	C:\Windows\SYSTEM32\DBGHELP.DLL
0x00007ffbe4f80000 - 0x00007ffbe4faa000 	C:\Windows\SYSTEM32\dbgcore.DLL
0x00007ffbcee30000 - 0x00007ffbcee68000 	C:\Users\Pablo\.p2\pool\plugins\org.eclipse.justj.openjdk.hotspot.jre.full.win32.x86_64_14.0.2.v20200815-0932\jre\bin\jdwp.dll
0x00007ffbe64a0000 - 0x00007ffbe64c5000 	C:\Users\Pablo\.p2\pool\plugins\org.eclipse.justj.openjdk.hotspot.jre.full.win32.x86_64_14.0.2.v20200815-0932\jre\bin\java.dll
0x00007ffbe8650000 - 0x00007ffbe865e000 	C:\Users\Pablo\.p2\pool\plugins\org.eclipse.justj.openjdk.hotspot.jre.full.win32.x86_64_14.0.2.v20200815-0932\jre\bin\instrument.dll
0x00007ffbe6480000 - 0x00007ffbe6496000 	C:\Users\Pablo\.p2\pool\plugins\org.eclipse.justj.openjdk.hotspot.jre.full.win32.x86_64_14.0.2.v20200815-0932\jre\bin\zip.dll
0x00007ffbf1b90000 - 0x00007ffbf2277000 	C:\Windows\System32\SHELL32.dll
0x00007ffbf22f0000 - 0x00007ffbf2399000 	C:\Windows\System32\shcore.dll
0x00007ffbf0220000 - 0x00007ffbf09a1000 	C:\Windows\System32\windows.storage.dll
0x00007ffbf0180000 - 0x00007ffbf01a3000 	C:\Windows\System32\profapi.dll
0x00007ffbf01b0000 - 0x00007ffbf01fa000 	C:\Windows\System32\powrprof.dll
0x00007ffbf0130000 - 0x00007ffbf0140000 	C:\Windows\System32\UMPDC.dll
0x00007ffbf1330000 - 0x00007ffbf1382000 	C:\Windows\System32\shlwapi.dll
0x00007ffbf0200000 - 0x00007ffbf0217000 	C:\Windows\System32\cryptsp.dll
0x00007ffbe4d70000 - 0x00007ffbe4d7b000 	C:\Users\Pablo\.p2\pool\plugins\org.eclipse.justj.openjdk.hotspot.jre.full.win32.x86_64_14.0.2.v20200815-0932\jre\bin\dt_socket.dll
0x00007ffbef690000 - 0x00007ffbef6ca000 	C:\Windows\SYSTEM32\IPHLPAPI.DLL
0x00007ffbef980000 - 0x00007ffbef9e7000 	C:\Windows\system32\mswsock.dll
0x00007ffbef6d0000 - 0x00007ffbef79b000 	C:\Windows\SYSTEM32\DNSAPI.dll
0x00007ffbf2a90000 - 0x00007ffbf2a98000 	C:\Windows\System32\NSI.dll
0x00007ffbe4f70000 - 0x00007ffbe4f7a000 	C:\Windows\System32\rasadhlp.dll
0x00007ffbe7960000 - 0x00007ffbe79d7000 	C:\Windows\System32\fwpuclnt.dll
0x00007ffbf0f00000 - 0x00007ffbf0f26000 	C:\Windows\System32\bcrypt.dll
0x00007ffbe6460000 - 0x00007ffbe6479000 	C:\Users\Pablo\.p2\pool\plugins\org.eclipse.justj.openjdk.hotspot.jre.full.win32.x86_64_14.0.2.v20200815-0932\jre\bin\net.dll
0x00007ffbe52e0000 - 0x00007ffbe53d0000 	C:\Windows\SYSTEM32\WINHTTP.dll
0x00007ffbe42b0000 - 0x00007ffbe42c2000 	C:\Users\Pablo\.p2\pool\plugins\org.eclipse.justj.openjdk.hotspot.jre.full.win32.x86_64_14.0.2.v20200815-0932\jre\bin\nio.dll
0x00007ffbec5d0000 - 0x00007ffbec5e0000 	C:\Users\Pablo\.p2\pool\plugins\org.eclipse.justj.openjdk.hotspot.jre.full.win32.x86_64_14.0.2.v20200815-0932\jre\bin\verify.dll
0x00007ffbc22d0000 - 0x00007ffbc2468000 	C:\Users\Pablo\.p2\pool\plugins\org.eclipse.justj.openjdk.hotspot.jre.full.win32.x86_64_14.0.2.v20200815-0932\jre\bin\awt.dll
0x00007ffbf26f0000 - 0x00007ffbf27b5000 	C:\Windows\System32\OLEAUT32.dll
0x00007ffbee290000 - 0x00007ffbee31f000 	C:\Windows\SYSTEM32\apphelp.dll
0x00007ffbee380000 - 0x00007ffbee419000 	C:\Windows\system32\uxtheme.dll
0x00007ffbf3100000 - 0x00007ffbf3235000 	C:\Windows\System32\MSCTF.dll
0x00007ffbf27c0000 - 0x00007ffbf2917000 	C:\Windows\System32\ole32.dll
0x00007ffbee560000 - 0x00007ffbee58d000 	C:\Windows\system32\DWMAPI.DLL
0x00007ffbd7610000 - 0x00007ffbd7692000 	C:\Users\Pablo\.p2\pool\plugins\org.eclipse.justj.openjdk.hotspot.jre.full.win32.x86_64_14.0.2.v20200815-0932\jre\bin\freetype.dll
0x00007ffbd7560000 - 0x00007ffbd7606000 	C:\Users\Pablo\.p2\pool\plugins\org.eclipse.justj.openjdk.hotspot.jre.full.win32.x86_64_14.0.2.v20200815-0932\jre\bin\fontmanager.dll
0x00007ffbd7400000 - 0x00007ffbd7556000 	C:\Windows\system32\opengl32.dll
0x00007ffbebc90000 - 0x00007ffbebcbc000 	C:\Windows\SYSTEM32\GLU32.dll
0x00007ffbeed70000 - 0x00007ffbeed90000 	C:\Windows\SYSTEM32\dxcore.dll
0x00007ffbf25d0000 - 0x00007ffbf2672000 	C:\Windows\System32\clbcatq.dll
0x00007ffbea330000 - 0x00007ffbea4df000 	C:\Windows\SYSTEM32\WindowsCodecs.dll
0x00007ffbd2cc0000 - 0x00007ffbd2cfa000 	C:\Windows\system32\dataexchange.dll
0x00007ffbed470000 - 0x00007ffbed6cb000 	C:\Windows\system32\d3d11.dll
0x00007ffbedb30000 - 0x00007ffbedd0d000 	C:\Windows\system32\dcomp.dll
0x00007ffbeee00000 - 0x00007ffbeeeeb000 	C:\Windows\system32\dxgi.dll
0x00007ffbee590000 - 0x00007ffbee7f2000 	C:\Windows\system32\twinapi.appcore.dll
0x00007ffbee980000 - 0x00007ffbee9a9000 	C:\Windows\system32\RMCLIENT.dll
0x00007ffbe3f90000 - 0x00007ffbe402e000 	C:\Windows\System32\TextInputFramework.dll
0x00007ffbea680000 - 0x00007ffbea9aa000 	C:\Windows\System32\CoreUIComponents.dll
0x00007ffbedd10000 - 0x00007ffbedde4000 	C:\Windows\System32\CoreMessaging.dll
0x00007ffbef170000 - 0x00007ffbef1a1000 	C:\Windows\SYSTEM32\ntmarta.dll
0x00007ffbebd10000 - 0x00007ffbebe63000 	C:\Windows\SYSTEM32\wintypes.dll
0x00007ffbe2310000 - 0x00007ffbe25b7000 	C:\Windows\System32\iertutil.dll

dbghelp: loaded successfully - version: 4.0.5 - missing functions: none
symbol engine: initialized successfully - sym options: 0x614 - pdb path: .;C:\Users\Pablo\.p2\pool\plugins\org.eclipse.justj.openjdk.hotspot.jre.full.win32.x86_64_14.0.2.v20200815-0932\jre\bin;C:\Windows\SYSTEM32;C:\Program Files\Avast Software\Avast;C:\Windows\WinSxS\amd64_microsoft.windows.common-controls_6595b64144ccf1df_6.0.18362.1198_none_9e820b57e45ad92f;C:\Users\Pablo\.p2\pool\plugins\org.eclipse.justj.openjdk.hotspot.jre.full.win32.x86_64_14.0.2.v20200815-0932\jre\bin\server

VM Arguments:
jvm_args: -XX:+ShowCodeDetailsInExceptionMessages -agentlib:jdwp=transport=dt_socket,suspend=y,address=localhost:61679 -javaagent:C:\Users\Pablo\eclipse\jee-2020-094\eclipse\configuration\org.eclipse.osgi\406\0\.cp\lib\javaagent-shaded.jar -Dfile.encoding=Cp1252 
java_command: examenes.Examen_TragaPerras
java_class_path (initial): C:\Users\Pablo\git\PROGRAMACION\Ejercicios\bin
Launcher Type: SUN_STANDARD

[Global flags]
     intx CICompilerCount                          = 4                                         {product} {ergonomic}
     uint ConcGCThreads                            = 2                                         {product} {ergonomic}
     uint G1ConcRefinementThreads                  = 8                                         {product} {ergonomic}
   size_t G1HeapRegionSize                         = 1048576                                   {product} {ergonomic}
    uintx GCDrainStackTargetSize                   = 64                                        {product} {ergonomic}
   size_t InitialHeapSize                          = 134217728                                 {product} {ergonomic}
   size_t MarkStackSize                            = 4194304                                   {product} {ergonomic}
   size_t MaxHeapSize                              = 2120220672                                {product} {ergonomic}
   size_t MaxNewSize                               = 1271922688                                {product} {ergonomic}
   size_t MinHeapDeltaBytes                        = 1048576                                   {product} {ergonomic}
   size_t MinHeapSize                              = 8388608                                   {product} {ergonomic}
    uintx NonNMethodCodeHeapSize                   = 5839372                                {pd product} {ergonomic}
    uintx NonProfiledCodeHeapSize                  = 122909434                              {pd product} {ergonomic}
    uintx ProfiledCodeHeapSize                     = 122909434                              {pd product} {ergonomic}
    uintx ReservedCodeCacheSize                    = 251658240                              {pd product} {ergonomic}
     bool SegmentedCodeCache                       = true                                      {product} {ergonomic}
     bool ShowCodeDetailsInExceptionMessages       = true                                   {manageable} {command line}
   size_t SoftMaxHeapSize                          = 2120220672                             {manageable} {ergonomic}
     bool UseCompressedClassPointers               = true                                 {lp64_product} {ergonomic}
     bool UseCompressedOops                        = true                                 {lp64_product} {ergonomic}
     bool UseG1GC                                  = true                                      {product} {ergonomic}
     bool UseLargePagesIndividualAllocation        = false                                  {pd product} {ergonomic}

Logging:
Log output configuration:
 #0: stdout all=warning uptime,level,tags
 #1: stderr all=off uptime,level,tags

Environment Variables:
JAVA_HOME=C:\Program Files (x86)\Java\jre1.8.0_271
PATH=C:\Users\Pablo\.p2\pool\plugins\org.eclipse.justj.openjdk.hotspot.jre.full.win32.x86_64_14.0.2.v20200815-0932\jre\bin;C:/Users/Pablo/.p2/pool/plugins/org.eclipse.justj.openjdk.hotspot.jre.full.win32.x86_64_14.0.2.v20200815-0932/jre/bin/server;C:/Users/Pablo/.p2/pool/plugins/org.eclipse.justj.openjdk.hotspot.jre.full.win32.x86_64_14.0.2.v20200815-0932/jre/bin;C:\Program Files (x86)\Intel\iCLS Client\;C:\Program Files\Intel\iCLS Client\;C:\Program Files (x86)\Common Files\Oracle\Java\javapath;C:\Windows\system32;C:\Windows;C:\Windows\System32\Wbem;C:\Windows\System32\WindowsPowerShell\v1.0\;C:\Windows\System32\OpenSSH\;C:\Program Files (x86)\NVIDIA Corporation\PhysX\Common;C:\Program Files\NVIDIA Corporation\NVIDIA NvDLISR;C:\Program Files (x86)\AutoFirmaJA\AutoFirmaJA;C:\Program Files\Git\cmd;C:\Program Files (x86)\Intel\Intel(R) Management Engine Components\DAL;C:\Program Files\Intel\Intel(R) Management Engine Components\DAL;C:\Program Files (x86)\Intel\Intel(R) Management Engine Components\IPT;C:\Program Files\Intel\Intel(R) Management Engine Components\IPT;C:\Users\Pablo\AppData\Local\Microsoft\WindowsApps;C:\Users\Pablo\AppData\Local\Programs\Microsoft VS Code\bin;C:\Users\Pablo\AppData\Local\GitHubDesktop\bin;C:\Users\Pablo\Desktop;
USERNAME=Pablo
OS=Windows_NT
PROCESSOR_IDENTIFIER=Intel64 Family 6 Model 60 Stepping 3, GenuineIntel



---------------  S Y S T E M  ---------------

OS: Windows 10 , 64 bit Build 18362 (10.0.18362.1110)
OS uptime: 0 days 0:26 hours

CPU:total 8 (initial active 8) (4 cores per cpu, 2 threads per core) family 6 model 60 stepping 3, cmov, cx8, fxsr, mmx, sse, sse2, sse3, ssse3, sse4.1, sse4.2, popcnt, avx, avx2, aes, clmul, erms, lzcnt, ht, tsc, tscinvbit, bmi1, bmi2, fma

Memory: 4k page, system-wide physical 8081M (4278M free)
TotalPageFile size 11537M (AvailPageFile size 6941M)
current process WorkingSet (physical memory assigned to process): 78M, peak: 79M
current process commit charge ("private bytes"): 226M, peak: 227M

vm_info: OpenJDK 64-Bit Server VM (14.0.2+12-46) for windows-amd64 JRE (14.0.2+12-46), built on Jul  9 2020 00:31:16 by "mach5one" with MS VC++ 15.9 (VS2017)

END.
